{"C:\\Users\\Kwnstantina\\FinalProject-Backend\\online-pharmacyApp\\app.js": {"path":"C:\\Users\\Kwnstantina\\FinalProject-Backend\\online-pharmacyApp\\app.js","statementMap":{"0":{"start":{"line":1,"column":16},"end":{"line":1,"column":34}},"1":{"start":{"line":2,"column":12},"end":{"line":2,"column":21}},"2":{"start":{"line":4,"column":17},"end":{"line":4,"column":36}},"3":{"start":{"line":6,"column":0},"end":{"line":6,"column":27}},"4":{"start":{"line":8,"column":0},"end":{"line":8,"column":24}},"5":{"start":{"line":10,"column":18},"end":{"line":10,"column":47}},"6":{"start":{"line":11,"column":24},"end":{"line":11,"column":44}},"7":{"start":{"line":13,"column":0},"end":{"line":17,"column":4}},"8":{"start":{"line":15,"column":12},"end":{"line":15,"column":60}},"9":{"start":{"line":16,"column":13},"end":{"line":16,"column":61}},"10":{"start":{"line":19,"column":15},"end":{"line":19,"column":30}},"11":{"start":{"line":20,"column":2},"end":{"line":23,"column":5}},"12":{"start":{"line":26,"column":15},"end":{"line":26,"column":45}},"13":{"start":{"line":27,"column":22},"end":{"line":27,"column":62}},"14":{"start":{"line":30,"column":0},"end":{"line":30,"column":27}},"15":{"start":{"line":31,"column":0},"end":{"line":31,"column":42}},"16":{"start":{"line":33,"column":0},"end":{"line":36,"column":1}},"17":{"start":{"line":42,"column":0},"end":{"line":42,"column":21}}},"fnMap":{"0":{"name":"(anonymous_0)","decl":{"start":{"line":15,"column":4},"end":{"line":15,"column":5}},"loc":{"start":{"line":15,"column":10},"end":{"line":15,"column":61}},"line":15},"1":{"name":"(anonymous_1)","decl":{"start":{"line":16,"column":4},"end":{"line":16,"column":5}},"loc":{"start":{"line":16,"column":11},"end":{"line":16,"column":62}},"line":16}},"branchMap":{},"s":{"0":1,"1":1,"2":1,"3":1,"4":1,"5":1,"6":1,"7":1,"8":1,"9":0,"10":1,"11":1,"12":1,"13":1,"14":1,"15":1,"16":1,"17":1},"f":{"0":1,"1":0},"b":{},"_coverageSchema":"1a1c01bbd47fc00a2c39e90264f33305004495a9","hash":"1b14604470b1dc161d743e7bcd9d53c97060e611"}
,"C:\\Users\\Kwnstantina\\FinalProject-Backend\\online-pharmacyApp\\swagger.js": {"path":"C:\\Users\\Kwnstantina\\FinalProject-Backend\\online-pharmacyApp\\swagger.js","statementMap":{"0":{"start":{"line":1,"column":12},"end":{"line":1,"column":42}},"1":{"start":{"line":2,"column":13},"end":{"line":2,"column":43}},"2":{"start":{"line":3,"column":16},"end":{"line":3,"column":49}},"3":{"start":{"line":5,"column":0},"end":{"line":426,"column":12}}},"fnMap":{},"branchMap":{},"s":{"0":1,"1":1,"2":1,"3":1},"f":{},"b":{},"_coverageSchema":"1a1c01bbd47fc00a2c39e90264f33305004495a9","hash":"79723baa404e77b1d3d39d7ce6aa2b1a0b5e1ec8"}
,"C:\\Users\\Kwnstantina\\FinalProject-Backend\\online-pharmacyApp\\controllers\\user.controller.js": {"path":"C:\\Users\\Kwnstantina\\FinalProject-Backend\\online-pharmacyApp\\controllers\\user.controller.js","statementMap":{"0":{"start":{"line":1,"column":13},"end":{"line":1,"column":44}},"1":{"start":{"line":2,"column":15},"end":{"line":2,"column":42}},"2":{"start":{"line":4,"column":0},"end":{"line":16,"column":1}},"3":{"start":{"line":5,"column":4},"end":{"line":5,"column":34}},"4":{"start":{"line":7,"column":4},"end":{"line":15,"column":5}},"5":{"start":{"line":8,"column":21},"end":{"line":8,"column":38}},"6":{"start":{"line":9,"column":6},"end":{"line":9,"column":56}},"7":{"start":{"line":10,"column":6},"end":{"line":10,"column":51}},"8":{"start":{"line":11,"column":6},"end":{"line":11,"column":60}},"9":{"start":{"line":13,"column":6},"end":{"line":13,"column":53}},"10":{"start":{"line":14,"column":6},"end":{"line":14,"column":60}},"11":{"start":{"line":18,"column":0},"end":{"line":28,"column":3}},"12":{"start":{"line":19,"column":4},"end":{"line":19,"column":31}},"13":{"start":{"line":21,"column":21},"end":{"line":21,"column":40}},"14":{"start":{"line":22,"column":4},"end":{"line":27,"column":5}},"15":{"start":{"line":23,"column":21},"end":{"line":23,"column":62}},"16":{"start":{"line":24,"column":6},"end":{"line":24,"column":43}},"17":{"start":{"line":26,"column":6},"end":{"line":26,"column":52}},"18":{"start":{"line":30,"column":2},"end":{"line":55,"column":3}},"19":{"start":{"line":31,"column":4},"end":{"line":31,"column":30}},"20":{"start":{"line":33,"column":20},"end":{"line":45,"column":6}},"21":{"start":{"line":47,"column":4},"end":{"line":54,"column":5}},"22":{"start":{"line":48,"column":21},"end":{"line":48,"column":41}},"23":{"start":{"line":49,"column":6},"end":{"line":49,"column":43}},"24":{"start":{"line":50,"column":6},"end":{"line":50,"column":32}},"25":{"start":{"line":52,"column":6},"end":{"line":52,"column":39}},"26":{"start":{"line":53,"column":6},"end":{"line":53,"column":49}},"27":{"start":{"line":56,"column":2},"end":{"line":81,"column":3}},"28":{"start":{"line":57,"column":21},"end":{"line":57,"column":40}},"29":{"start":{"line":59,"column":4},"end":{"line":59,"column":56}},"30":{"start":{"line":61,"column":23},"end":{"line":67,"column":5}},"31":{"start":{"line":69,"column":4},"end":{"line":80,"column":5}},"32":{"start":{"line":70,"column":21},"end":{"line":74,"column":7}},"33":{"start":{"line":75,"column":6},"end":{"line":75,"column":43}},"34":{"start":{"line":76,"column":6},"end":{"line":76,"column":57}},"35":{"start":{"line":78,"column":6},"end":{"line":78,"column":39}},"36":{"start":{"line":79,"column":6},"end":{"line":79,"column":58}},"37":{"start":{"line":83,"column":2},"end":{"line":96,"column":3}},"38":{"start":{"line":84,"column":21},"end":{"line":84,"column":40}},"39":{"start":{"line":86,"column":4},"end":{"line":86,"column":42}},"40":{"start":{"line":88,"column":4},"end":{"line":95,"column":5}},"41":{"start":{"line":89,"column":21},"end":{"line":89,"column":70}},"42":{"start":{"line":90,"column":6},"end":{"line":90,"column":43}},"43":{"start":{"line":91,"column":6},"end":{"line":91,"column":56}},"44":{"start":{"line":93,"column":6},"end":{"line":93,"column":28}},"45":{"start":{"line":94,"column":6},"end":{"line":94,"column":46}}},"fnMap":{"0":{"name":"(anonymous_0)","decl":{"start":{"line":4,"column":18},"end":{"line":4,"column":19}},"loc":{"start":{"line":4,"column":37},"end":{"line":16,"column":1}},"line":4},"1":{"name":"(anonymous_1)","decl":{"start":{"line":18,"column":18},"end":{"line":18,"column":19}},"loc":{"start":{"line":18,"column":37},"end":{"line":28,"column":3}},"line":18},"2":{"name":"(anonymous_2)","decl":{"start":{"line":30,"column":19},"end":{"line":30,"column":20}},"loc":{"start":{"line":30,"column":38},"end":{"line":55,"column":3}},"line":30},"3":{"name":"(anonymous_3)","decl":{"start":{"line":56,"column":19},"end":{"line":56,"column":20}},"loc":{"start":{"line":56,"column":38},"end":{"line":81,"column":3}},"line":56},"4":{"name":"(anonymous_4)","decl":{"start":{"line":83,"column":19},"end":{"line":83,"column":20}},"loc":{"start":{"line":83,"column":38},"end":{"line":96,"column":3}},"line":83}},"branchMap":{},"s":{"0":1,"1":1,"2":1,"3":1,"4":1,"5":1,"6":1,"7":1,"8":1,"9":1,"10":1,"11":1,"12":1,"13":1,"14":1,"15":1,"16":1,"17":0,"18":1,"19":3,"20":3,"21":3,"22":3,"23":1,"24":1,"25":2,"26":2,"27":1,"28":0,"29":0,"30":0,"31":0,"32":0,"33":0,"34":0,"35":0,"36":0,"37":1,"38":1,"39":1,"40":1,"41":1,"42":1,"43":1,"44":0,"45":0},"f":{"0":1,"1":1,"2":3,"3":0,"4":1},"b":{},"_coverageSchema":"1a1c01bbd47fc00a2c39e90264f33305004495a9","hash":"2109fd097ace464ff9a318affac0240a04c1155b"}
,"C:\\Users\\Kwnstantina\\FinalProject-Backend\\online-pharmacyApp\\controllers\\user.products.controller.js": {"path":"C:\\Users\\Kwnstantina\\FinalProject-Backend\\online-pharmacyApp\\controllers\\user.products.controller.js","statementMap":{"0":{"start":{"line":1,"column":13},"end":{"line":1,"column":44}},"1":{"start":{"line":3,"column":0},"end":{"line":14,"column":1}},"2":{"start":{"line":4,"column":2},"end":{"line":4,"column":41}},"3":{"start":{"line":6,"column":2},"end":{"line":13,"column":3}},"4":{"start":{"line":7,"column":19},"end":{"line":7,"column":70}},"5":{"start":{"line":8,"column":4},"end":{"line":8,"column":41}},"6":{"start":{"line":9,"column":4},"end":{"line":9,"column":45}},"7":{"start":{"line":11,"column":4},"end":{"line":11,"column":36}},"8":{"start":{"line":12,"column":4},"end":{"line":12,"column":53}},"9":{"start":{"line":16,"column":0},"end":{"line":28,"column":3}},"10":{"start":{"line":17,"column":21},"end":{"line":17,"column":40}},"11":{"start":{"line":18,"column":4},"end":{"line":18,"column":53}},"12":{"start":{"line":20,"column":4},"end":{"line":27,"column":5}},"13":{"start":{"line":21,"column":21},"end":{"line":21,"column":93}},"14":{"start":{"line":22,"column":6},"end":{"line":22,"column":43}},"15":{"start":{"line":23,"column":6},"end":{"line":23,"column":60}},"16":{"start":{"line":25,"column":6},"end":{"line":25,"column":39}},"17":{"start":{"line":26,"column":6},"end":{"line":26,"column":60}},"18":{"start":{"line":30,"column":2},"end":{"line":51,"column":3}},"19":{"start":{"line":31,"column":21},"end":{"line":31,"column":38}},"20":{"start":{"line":32,"column":21},"end":{"line":32,"column":38}},"21":{"start":{"line":34,"column":4},"end":{"line":34,"column":56}},"22":{"start":{"line":36,"column":4},"end":{"line":50,"column":5}},"23":{"start":{"line":37,"column":21},"end":{"line":44,"column":7}},"24":{"start":{"line":45,"column":6},"end":{"line":45,"column":43}},"25":{"start":{"line":46,"column":6},"end":{"line":46,"column":36}},"26":{"start":{"line":48,"column":6},"end":{"line":48,"column":38}},"27":{"start":{"line":49,"column":6},"end":{"line":49,"column":34}},"28":{"start":{"line":53,"column":2},"end":{"line":76,"column":3}},"29":{"start":{"line":54,"column":21},"end":{"line":54,"column":40}},"30":{"start":{"line":55,"column":16},"end":{"line":55,"column":36}},"31":{"start":{"line":56,"column":21},"end":{"line":56,"column":46}},"32":{"start":{"line":58,"column":4},"end":{"line":58,"column":57}},"33":{"start":{"line":60,"column":4},"end":{"line":75,"column":5}},"34":{"start":{"line":61,"column":21},"end":{"line":68,"column":7}},"35":{"start":{"line":69,"column":6},"end":{"line":69,"column":43}},"36":{"start":{"line":70,"column":6},"end":{"line":70,"column":59}},"37":{"start":{"line":72,"column":6},"end":{"line":72,"column":39}},"38":{"start":{"line":73,"column":6},"end":{"line":73,"column":59}},"39":{"start":{"line":78,"column":2},"end":{"line":99,"column":3}},"40":{"start":{"line":79,"column":21},"end":{"line":79,"column":40}},"41":{"start":{"line":80,"column":16},"end":{"line":80,"column":29}},"42":{"start":{"line":82,"column":4},"end":{"line":82,"column":34}},"43":{"start":{"line":84,"column":4},"end":{"line":98,"column":5}},"44":{"start":{"line":85,"column":21},"end":{"line":92,"column":7}},"45":{"start":{"line":93,"column":6},"end":{"line":93,"column":43}},"46":{"start":{"line":94,"column":6},"end":{"line":94,"column":59}},"47":{"start":{"line":96,"column":6},"end":{"line":96,"column":39}},"48":{"start":{"line":97,"column":6},"end":{"line":97,"column":59}}},"fnMap":{"0":{"name":"(anonymous_0)","decl":{"start":{"line":3,"column":18},"end":{"line":3,"column":19}},"loc":{"start":{"line":3,"column":37},"end":{"line":14,"column":1}},"line":3},"1":{"name":"(anonymous_1)","decl":{"start":{"line":16,"column":18},"end":{"line":16,"column":19}},"loc":{"start":{"line":16,"column":37},"end":{"line":28,"column":3}},"line":16},"2":{"name":"(anonymous_2)","decl":{"start":{"line":30,"column":19},"end":{"line":30,"column":20}},"loc":{"start":{"line":30,"column":38},"end":{"line":51,"column":3}},"line":30},"3":{"name":"(anonymous_3)","decl":{"start":{"line":53,"column":19},"end":{"line":53,"column":20}},"loc":{"start":{"line":53,"column":37},"end":{"line":76,"column":3}},"line":53},"4":{"name":"(anonymous_4)","decl":{"start":{"line":78,"column":19},"end":{"line":78,"column":20}},"loc":{"start":{"line":78,"column":38},"end":{"line":99,"column":3}},"line":78}},"branchMap":{},"s":{"0":1,"1":1,"2":0,"3":0,"4":0,"5":0,"6":0,"7":0,"8":0,"9":1,"10":0,"11":0,"12":0,"13":0,"14":0,"15":0,"16":0,"17":0,"18":1,"19":0,"20":0,"21":0,"22":0,"23":0,"24":0,"25":0,"26":0,"27":0,"28":1,"29":0,"30":0,"31":0,"32":0,"33":0,"34":0,"35":0,"36":0,"37":0,"38":0,"39":1,"40":0,"41":0,"42":0,"43":0,"44":0,"45":0,"46":0,"47":0,"48":0},"f":{"0":0,"1":0,"2":0,"3":0,"4":0},"b":{},"_coverageSchema":"1a1c01bbd47fc00a2c39e90264f33305004495a9","hash":"c6a9f9fcb5ae883923679f53d0c9aa60d51f9007"}
,"C:\\Users\\Kwnstantina\\FinalProject-Backend\\online-pharmacyApp\\helpers\\user.helper.js": {"path":"C:\\Users\\Kwnstantina\\FinalProject-Backend\\online-pharmacyApp\\helpers\\user.helper.js","statementMap":{"0":{"start":{"line":1,"column":13},"end":{"line":1,"column":44}},"1":{"start":{"line":4,"column":2},"end":{"line":4,"column":40}},"2":{"start":{"line":6,"column":2},"end":{"line":12,"column":3}},"3":{"start":{"line":7,"column":19},"end":{"line":7,"column":63}},"4":{"start":{"line":8,"column":4},"end":{"line":8,"column":21}},"5":{"start":{"line":10,"column":4},"end":{"line":10,"column":47}},"6":{"start":{"line":11,"column":4},"end":{"line":11,"column":16}},"7":{"start":{"line":16,"column":0},"end":{"line":16,"column":41}}},"fnMap":{"0":{"name":"findLastInsertedUser","decl":{"start":{"line":3,"column":15},"end":{"line":3,"column":35}},"loc":{"start":{"line":3,"column":37},"end":{"line":13,"column":1}},"line":3}},"branchMap":{},"s":{"0":1,"1":2,"2":2,"3":2,"4":2,"5":0,"6":0,"7":1},"f":{"0":2},"b":{},"_coverageSchema":"1a1c01bbd47fc00a2c39e90264f33305004495a9","hash":"aff884d218897de78a1ca0172aaa64b60a0b3c0c"}
,"C:\\Users\\Kwnstantina\\FinalProject-Backend\\online-pharmacyApp\\logger\\logger.js": {"path":"C:\\Users\\Kwnstantina\\FinalProject-Backend\\online-pharmacyApp\\logger\\logger.js","statementMap":{"0":{"start":{"line":1,"column":45},"end":{"line":1,"column":63}},"1":{"start":{"line":2,"column":0},"end":{"line":2,"column":37}},"2":{"start":{"line":3,"column":0},"end":{"line":3,"column":27}},"3":{"start":{"line":5,"column":0},"end":{"line":5,"column":27}},"4":{"start":{"line":7,"column":51},"end":{"line":7,"column":57}},"5":{"start":{"line":9,"column":28},"end":{"line":14,"column":2}},"6":{"start":{"line":16,"column":15},"end":{"line":50,"column":2}},"7":{"start":{"line":52,"column":0},"end":{"line":52,"column":24}}},"fnMap":{},"branchMap":{},"s":{"0":1,"1":1,"2":1,"3":1,"4":1,"5":1,"6":1,"7":1},"f":{},"b":{},"_coverageSchema":"1a1c01bbd47fc00a2c39e90264f33305004495a9","hash":"ac62f27b59bc6cbb2c884e2817ac72c114e3afa4"}
,"C:\\Users\\Kwnstantina\\FinalProject-Backend\\online-pharmacyApp\\models\\product.model.js": {"path":"C:\\Users\\Kwnstantina\\FinalProject-Backend\\online-pharmacyApp\\models\\product.model.js","statementMap":{"0":{"start":{"line":1,"column":17},"end":{"line":1,"column":36}},"1":{"start":{"line":3,"column":15},"end":{"line":3,"column":30}},"2":{"start":{"line":5,"column":20},"end":{"line":13,"column":2}},"3":{"start":{"line":15,"column":0},"end":{"line":15,"column":58}}},"fnMap":{},"branchMap":{},"s":{"0":1,"1":1,"2":1,"3":1},"f":{},"b":{},"_coverageSchema":"1a1c01bbd47fc00a2c39e90264f33305004495a9","hash":"1e3008c5c2c11072be6e499fe7b4077ed6a3bdba"}
,"C:\\Users\\Kwnstantina\\FinalProject-Backend\\online-pharmacyApp\\models\\user.model.js": {"path":"C:\\Users\\Kwnstantina\\FinalProject-Backend\\online-pharmacyApp\\models\\user.model.js","statementMap":{"0":{"start":{"line":1,"column":17},"end":{"line":1,"column":36}},"1":{"start":{"line":2,"column":24},"end":{"line":2,"column":60}},"2":{"start":{"line":4,"column":15},"end":{"line":4,"column":30}},"3":{"start":{"line":6,"column":20},"end":{"line":9,"column":18}},"4":{"start":{"line":11,"column":20},"end":{"line":14,"column":18}},"5":{"start":{"line":16,"column":22},"end":{"line":21,"column":4}},"6":{"start":{"line":23,"column":17},"end":{"line":54,"column":4}},"7":{"start":{"line":56,"column":2},"end":{"line":56,"column":37}},"8":{"start":{"line":57,"column":2},"end":{"line":57,"column":53}}},"fnMap":{},"branchMap":{},"s":{"0":1,"1":1,"2":1,"3":1,"4":1,"5":1,"6":1,"7":1,"8":1},"f":{},"b":{},"_coverageSchema":"1a1c01bbd47fc00a2c39e90264f33305004495a9","hash":"063d0926236aaf7e5e73a714e36ec4230fdeff03"}
,"C:\\Users\\Kwnstantina\\FinalProject-Backend\\online-pharmacyApp\\routes\\user.products.routes.js": {"path":"C:\\Users\\Kwnstantina\\FinalProject-Backend\\online-pharmacyApp\\routes\\user.products.routes.js","statementMap":{"0":{"start":{"line":1,"column":16},"end":{"line":1,"column":34}},"1":{"start":{"line":2,"column":15},"end":{"line":2,"column":31}},"2":{"start":{"line":4,"column":30},"end":{"line":4,"column":80}},"3":{"start":{"line":6,"column":0},"end":{"line":6,"column":47}},"4":{"start":{"line":7,"column":0},"end":{"line":7,"column":56}},"5":{"start":{"line":8,"column":0},"end":{"line":8,"column":47}},"6":{"start":{"line":9,"column":0},"end":{"line":9,"column":57}},"7":{"start":{"line":10,"column":0},"end":{"line":10,"column":71}},"8":{"start":{"line":14,"column":0},"end":{"line":14,"column":24}}},"fnMap":{},"branchMap":{},"s":{"0":1,"1":1,"2":1,"3":1,"4":1,"5":1,"6":1,"7":1,"8":1},"f":{},"b":{},"_coverageSchema":"1a1c01bbd47fc00a2c39e90264f33305004495a9","hash":"d9c73c5e06ffee2e556cd162aa3f39b0e4d5c674"}
,"C:\\Users\\Kwnstantina\\FinalProject-Backend\\online-pharmacyApp\\routes\\user.route.js": {"path":"C:\\Users\\Kwnstantina\\FinalProject-Backend\\online-pharmacyApp\\routes\\user.route.js","statementMap":{"0":{"start":{"line":1,"column":16},"end":{"line":1,"column":34}},"1":{"start":{"line":2,"column":15},"end":{"line":2,"column":31}},"2":{"start":{"line":4,"column":23},"end":{"line":4,"column":64}},"3":{"start":{"line":6,"column":0},"end":{"line":6,"column":40}},"4":{"start":{"line":7,"column":0},"end":{"line":7,"column":49}},"5":{"start":{"line":8,"column":0},"end":{"line":8,"column":40}},"6":{"start":{"line":9,"column":0},"end":{"line":9,"column":50}},"7":{"start":{"line":10,"column":0},"end":{"line":10,"column":51}},"8":{"start":{"line":13,"column":0},"end":{"line":13,"column":24}}},"fnMap":{},"branchMap":{},"s":{"0":1,"1":1,"2":1,"3":1,"4":1,"5":1,"6":1,"7":1,"8":1},"f":{},"b":{},"_coverageSchema":"1a1c01bbd47fc00a2c39e90264f33305004495a9","hash":"e87c001db5eb9165e5bc1a2da9c7e4375581d3f7"}
}
