TN:
SF:app.js
FN:15,(anonymous_0)
FN:16,(anonymous_1)
FNF:2
FNH:1
FNDA:1,(anonymous_0)
FNDA:0,(anonymous_1)
DA:1,1
DA:2,1
DA:4,1
DA:6,1
DA:8,1
DA:10,1
DA:11,1
DA:13,1
DA:15,1
DA:16,0
DA:19,1
DA:20,1
DA:26,1
DA:27,1
DA:30,1
DA:31,1
DA:33,1
DA:42,1
LF:18
LH:17
BRF:0
BRH:0
end_of_record
TN:
SF:swagger.js
FNF:0
FNH:0
DA:1,1
DA:2,1
DA:3,1
DA:5,1
LF:4
LH:4
BRF:0
BRH:0
end_of_record
TN:
SF:controllers\user.controller.js
FN:4,(anonymous_0)
FN:18,(anonymous_1)
FN:30,(anonymous_2)
FN:56,(anonymous_3)
FN:83,(anonymous_4)
FNF:5
FNH:4
FNDA:1,(anonymous_0)
FNDA:1,(anonymous_1)
FNDA:3,(anonymous_2)
FNDA:0,(anonymous_3)
FNDA:1,(anonymous_4)
DA:1,1
DA:2,1
DA:4,1
DA:5,1
DA:7,1
DA:8,1
DA:9,1
DA:10,1
DA:11,1
DA:13,1
DA:14,1
DA:18,1
DA:19,1
DA:21,1
DA:22,1
DA:23,1
DA:24,1
DA:26,0
DA:30,1
DA:31,3
DA:33,3
DA:47,3
DA:48,3
DA:49,1
DA:50,1
DA:52,2
DA:53,2
DA:56,1
DA:57,0
DA:59,0
DA:61,0
DA:69,0
DA:70,0
DA:75,0
DA:76,0
DA:78,0
DA:79,0
DA:83,1
DA:84,1
DA:86,1
DA:88,1
DA:89,1
DA:90,1
DA:91,1
DA:93,0
DA:94,0
LF:46
LH:34
BRF:0
BRH:0
end_of_record
TN:
SF:controllers\user.products.controller.js
FN:3,(anonymous_0)
FN:16,(anonymous_1)
FN:30,(anonymous_2)
FN:53,(anonymous_3)
FN:78,(anonymous_4)
FNF:5
FNH:0
FNDA:0,(anonymous_0)
FNDA:0,(anonymous_1)
FNDA:0,(anonymous_2)
FNDA:0,(anonymous_3)
FNDA:0,(anonymous_4)
DA:1,1
DA:3,1
DA:4,0
DA:6,0
DA:7,0
DA:8,0
DA:9,0
DA:11,0
DA:12,0
DA:16,1
DA:17,0
DA:18,0
DA:20,0
DA:21,0
DA:22,0
DA:23,0
DA:25,0
DA:26,0
DA:30,1
DA:31,0
DA:32,0
DA:34,0
DA:36,0
DA:37,0
DA:45,0
DA:46,0
DA:48,0
DA:49,0
DA:53,1
DA:54,0
DA:55,0
DA:56,0
DA:58,0
DA:60,0
DA:61,0
DA:69,0
DA:70,0
DA:72,0
DA:73,0
DA:78,1
DA:79,0
DA:80,0
DA:82,0
DA:84,0
DA:85,0
DA:93,0
DA:94,0
DA:96,0
DA:97,0
LF:49
LH:6
BRF:0
BRH:0
end_of_record
TN:
SF:helpers\user.helper.js
FN:3,findLastInsertedUser
FNF:1
FNH:1
FNDA:2,findLastInsertedUser
DA:1,1
DA:4,2
DA:6,2
DA:7,2
DA:8,2
DA:10,0
DA:11,0
DA:16,1
LF:8
LH:6
BRF:0
BRH:0
end_of_record
TN:
SF:logger\logger.js
FNF:0
FNH:0
DA:1,1
DA:2,1
DA:3,1
DA:5,1
DA:7,1
DA:9,1
DA:16,1
DA:52,1
LF:8
LH:8
BRF:0
BRH:0
end_of_record
TN:
SF:models\product.model.js
FNF:0
FNH:0
DA:1,1
DA:3,1
DA:5,1
DA:15,1
LF:4
LH:4
BRF:0
BRH:0
end_of_record
TN:
SF:models\user.model.js
FNF:0
FNH:0
DA:1,1
DA:2,1
DA:4,1
DA:6,1
DA:11,1
DA:16,1
DA:23,1
DA:56,1
DA:57,1
LF:9
LH:9
BRF:0
BRH:0
end_of_record
TN:
SF:routes\user.products.routes.js
FNF:0
FNH:0
DA:1,1
DA:2,1
DA:4,1
DA:6,1
DA:7,1
DA:8,1
DA:9,1
DA:10,1
DA:14,1
LF:9
LH:9
BRF:0
BRH:0
end_of_record
TN:
SF:routes\user.route.js
FNF:0
FNH:0
DA:1,1
DA:2,1
DA:4,1
DA:6,1
DA:7,1
DA:8,1
DA:9,1
DA:10,1
DA:13,1
LF:9
LH:9
BRF:0
BRH:0
end_of_record
